1660910455821:ะด
1660910467207:l
1660910809389:a
1660912741600:l Alex
1660912747356:a
1660912788364:t
1660912807082:l Alex
1660912809636:a
1660912834714:t
1660917043413:q
1660917585010:a
1660917592454:l
1660917594567:a
1660917606583:q
1661282276206:l
1661282297898:a
1661282317344:t
1661282365236:q
1661521997572:l
1661522011422:t
1661523000816:l
1661523011323:t
1661523069340:l
1661523070323:t
1661523164189:l
1661523165089:t
1661523272427:l
1661523273187:t
1661523420980:l
1661523422079:t
1661523523420:gb
1661523640050:l
1661523640841:t
1661523806773:l
1661523808030:t
1661526277428:l
1661526278490:t
1661526375901:l
1661526376576:t
1661526444303:l
1661526445004:t
1661526689389:l
1661526690619:t
1661527211888:l
1661527212939:t
1661527303363:l
1661527304670:t
1661527558266:l
1661527559017:t
1661527862405:l
1661527864034:t
1661527870273:gb
1661594411274:l
1661594413460:ib
1661594447819:l
1661594451082:gbs
1661594454910:ib
1661594552833:l Alex
1661594557505:gbs
1661594563624:ib
1661594631103:l
1661594634505:gbs
1661594636807:ib
1661594780865:l
1661594783284:ib
1661594833992:l
1661594841670:ib
1661594906392:l
1661594907458:ib
1661594958301:l
1661594959469:ib
1661594967320:gbs
1661596589024:l
1661596592365:gbi
1661596601291:gbi 1
1661596607554:gbi 3
1661599906310:l
1661599916513:gbs
1661599924727:dbi 2
1661599929281:gbs
